<?xml version="1.0" encoding="UTF-8"?>
<testng-results retried="1" ignored="1" total="6" passed="4" failed="0" skipped="0">
  <reporter-output>
  </reporter-output>
  <suite started-at="2023-08-29T11:27:21 PDT" name="Suite" finished-at="2023-08-29T11:28:40 PDT" duration-ms="78938">
    <groups>
      <group name="ErrorHandling">
        <method signature="NegeativeTEst.negativeScenario()[pri:0, instance:com.andoorathodi.MavenAugust2023.tests.NegeativeTEst@1698fc68]" name="negativeScenario" class="com.andoorathodi.MavenAugust2023.tests.NegeativeTEst"/>
      </group> <!-- ErrorHandling -->
      <group name="dataTest">
        <method signature="StandAloneTestPageObject.standAloneTest(java.util.HashMap)[pri:0, instance:com.andoorathodi.MavenAugust2023.tests.StandAloneTestPageObject@b6b1987]" name="standAloneTest" class="com.andoorathodi.MavenAugust2023.tests.StandAloneTestPageObject"/>
      </group> <!-- dataTest -->
    </groups>
    <test started-at="2023-08-29T11:27:21 PDT" name="Negative Scenarios" finished-at="2023-08-29T11:27:57 PDT" duration-ms="35662">
      <class name="com.andoorathodi.MavenAugust2023.tests.NegeativeTEst">
        <test-method is-config="true" signature="launchURL()[pri:0, instance:com.andoorathodi.MavenAugust2023.tests.NegeativeTEst@1698fc68]" started-at="2023-08-29T11:27:21 PDT" name="launchURL" finished-at="2023-08-29T11:27:38 PDT" duration-ms="16701" status="PASS">
          <reporter-output>
          </reporter-output>
        </test-method> <!-- launchURL -->
        <test-method retried="true" signature="negativeScenario()[pri:0, instance:com.andoorathodi.MavenAugust2023.tests.NegeativeTEst@1698fc68]" started-at="2023-08-29T11:27:38 PDT" name="negativeScenario" finished-at="2023-08-29T11:27:41 PDT" duration-ms="3266" status="SKIP">
          <exception class="java.lang.AssertionError">
            <message>
              <![CDATA[expected [Incorrect email or password.] but found []]]>
            </message>
            <full-stacktrace>
              <![CDATA[java.lang.AssertionError: expected [Incorrect email or password.] but found []
at org.testng.Assert.fail(Assert.java:111)
at org.testng.Assert.failNotEquals(Assert.java:1578)
at org.testng.Assert.assertEqualsImpl(Assert.java:150)
at org.testng.Assert.assertEquals(Assert.java:132)
at org.testng.Assert.assertEquals(Assert.java:656)
at org.testng.Assert.assertEquals(Assert.java:666)
at com.andoorathodi.MavenAugust2023.tests.NegeativeTEst.negativeScenario(NegeativeTEst.java:23)
at java.base/jdk.internal.reflect.NativeMethodAccessorImpl.invoke0(Native Method)
at java.base/jdk.internal.reflect.NativeMethodAccessorImpl.invoke(NativeMethodAccessorImpl.java:78)
at java.base/jdk.internal.reflect.DelegatingMethodAccessorImpl.invoke(DelegatingMethodAccessorImpl.java:43)
at java.base/java.lang.reflect.Method.invoke(Method.java:567)
at org.testng.internal.invokers.MethodInvocationHelper.invokeMethod(MethodInvocationHelper.java:139)
at org.testng.internal.invokers.TestInvoker.invokeMethod(TestInvoker.java:664)
at org.testng.internal.invokers.TestInvoker.invokeTestMethod(TestInvoker.java:227)
at org.testng.internal.invokers.MethodRunner.runInSequence(MethodRunner.java:50)
at org.testng.internal.invokers.TestInvoker$MethodInvocationAgent.invoke(TestInvoker.java:957)
at org.testng.internal.invokers.TestInvoker.invokeTestMethods(TestInvoker.java:200)
at org.testng.internal.invokers.TestMethodWorker.invokeTestMethods(TestMethodWorker.java:148)
at org.testng.internal.invokers.TestMethodWorker.run(TestMethodWorker.java:128)
at java.base/java.util.ArrayList.forEach(ArrayList.java:1511)
at org.testng.TestRunner.privateRun(TestRunner.java:848)
at org.testng.TestRunner.run(TestRunner.java:621)
at org.testng.SuiteRunner.runTest(SuiteRunner.java:443)
at org.testng.SuiteRunner$SuiteWorker.run(SuiteRunner.java:481)
at org.testng.internal.thread.ThreadUtil.lambda$execute$0(ThreadUtil.java:58)
at java.base/java.util.concurrent.FutureTask.run(FutureTask.java:264)
at java.base/java.util.concurrent.ThreadPoolExecutor.runWorker(ThreadPoolExecutor.java:1130)
at java.base/java.util.concurrent.ThreadPoolExecutor$Worker.run(ThreadPoolExecutor.java:630)
at java.base/java.lang.Thread.run(Thread.java:831)
]]>
            </full-stacktrace>
          </exception> <!-- java.lang.AssertionError -->
          <reporter-output>
          </reporter-output>
        </test-method> <!-- negativeScenario -->
        <test-method is-config="true" signature="tearDown()[pri:0, instance:com.andoorathodi.MavenAugust2023.tests.NegeativeTEst@1698fc68]" started-at="2023-08-29T11:27:41 PDT" name="tearDown" finished-at="2023-08-29T11:27:41 PDT" duration-ms="230" status="PASS">
          <reporter-output>
          </reporter-output>
        </test-method> <!-- tearDown -->
        <test-method is-config="true" signature="launchURL()[pri:0, instance:com.andoorathodi.MavenAugust2023.tests.NegeativeTEst@1698fc68]" started-at="2023-08-29T11:27:41 PDT" name="launchURL" finished-at="2023-08-29T11:27:54 PDT" duration-ms="12336" status="PASS">
          <reporter-output>
          </reporter-output>
        </test-method> <!-- launchURL -->
        <test-method signature="negativeScenario()[pri:0, instance:com.andoorathodi.MavenAugust2023.tests.NegeativeTEst@1698fc68]" started-at="2023-08-29T11:27:54 PDT" name="negativeScenario" finished-at="2023-08-29T11:27:56 PDT" duration-ms="2834" status="PASS">
          <reporter-output>
          </reporter-output>
        </test-method> <!-- negativeScenario -->
        <test-method is-config="true" signature="tearDown()[pri:0, instance:com.andoorathodi.MavenAugust2023.tests.NegeativeTEst@1698fc68]" started-at="2023-08-29T11:27:56 PDT" name="tearDown" finished-at="2023-08-29T11:27:57 PDT" duration-ms="172" status="PASS">
          <reporter-output>
          </reporter-output>
        </test-method> <!-- tearDown -->
      </class> <!-- com.andoorathodi.MavenAugust2023.tests.NegeativeTEst -->
    </test> <!-- Negative Scenarios -->
    <test started-at="2023-08-29T11:27:21 PDT" name="Submit Order" finished-at="2023-08-29T11:28:40 PDT" duration-ms="78938">
      <class name="com.andoorathodi.MavenAugust2023.tests.StandAloneTestPageObject">
        <test-method is-config="true" signature="launchURL()[pri:0, instance:com.andoorathodi.MavenAugust2023.tests.StandAloneTestPageObject@b6b1987]" started-at="2023-08-29T11:27:21 PDT" name="launchURL" finished-at="2023-08-29T11:27:37 PDT" duration-ms="16163" status="PASS">
          <reporter-output>
          </reporter-output>
        </test-method> <!-- launchURL -->
        <test-method signature="standAloneTest(java.util.HashMap)[pri:0, instance:com.andoorathodi.MavenAugust2023.tests.StandAloneTestPageObject@b6b1987]" started-at="2023-08-29T11:27:37 PDT" name="standAloneTest" data-provider="getData" finished-at="2023-08-29T11:27:55 PDT" duration-ms="17593" status="PASS">
          <params>
            <param index="0">
              <value>
                <![CDATA[{password=Abcd@123, username=nabeelans@gmail.com}]]>
              </value>
            </param>
          </params>
          <reporter-output>
          </reporter-output>
        </test-method> <!-- standAloneTest -->
        <test-method is-config="true" signature="tearDown()[pri:0, instance:com.andoorathodi.MavenAugust2023.tests.StandAloneTestPageObject@b6b1987]" started-at="2023-08-29T11:27:55 PDT" name="tearDown" finished-at="2023-08-29T11:27:55 PDT" duration-ms="162" status="PASS">
          <reporter-output>
          </reporter-output>
        </test-method> <!-- tearDown -->
        <test-method is-config="true" signature="launchURL()[pri:0, instance:com.andoorathodi.MavenAugust2023.tests.StandAloneTestPageObject@b6b1987]" started-at="2023-08-29T11:27:55 PDT" name="launchURL" finished-at="2023-08-29T11:28:07 PDT" duration-ms="11453" status="PASS">
          <reporter-output>
          </reporter-output>
        </test-method> <!-- launchURL -->
        <test-method signature="standAloneTest(java.util.HashMap)[pri:0, instance:com.andoorathodi.MavenAugust2023.tests.StandAloneTestPageObject@b6b1987]" started-at="2023-08-29T11:28:07 PDT" name="standAloneTest" data-provider="getData" finished-at="2023-08-29T11:28:20 PDT" duration-ms="13950" status="PASS">
          <params>
            <param index="0">
              <value>
                <![CDATA[{password=Abcd@123, username=sathish123@gmail.com}]]>
              </value>
            </param>
          </params>
          <reporter-output>
          </reporter-output>
        </test-method> <!-- standAloneTest -->
        <test-method is-config="true" signature="tearDown()[pri:0, instance:com.andoorathodi.MavenAugust2023.tests.StandAloneTestPageObject@b6b1987]" started-at="2023-08-29T11:28:20 PDT" name="tearDown" finished-at="2023-08-29T11:28:21 PDT" duration-ms="135" status="PASS">
          <reporter-output>
          </reporter-output>
        </test-method> <!-- tearDown -->
        <test-method is-config="true" signature="launchURL()[pri:0, instance:com.andoorathodi.MavenAugust2023.tests.StandAloneTestPageObject@b6b1987]" started-at="2023-08-29T11:28:21 PDT" name="launchURL" finished-at="2023-08-29T11:28:32 PDT" duration-ms="11816" status="PASS">
          <reporter-output>
          </reporter-output>
        </test-method> <!-- launchURL -->
        <test-method signature="verifyOrderPresent()[pri:0, instance:com.andoorathodi.MavenAugust2023.tests.StandAloneTestPageObject@b6b1987]" started-at="2023-08-29T11:28:32 PDT" name="verifyOrderPresent" finished-at="2023-08-29T11:28:40 PDT" depends-on-methods="standAloneTest()" duration-ms="7115" status="PASS">
          <reporter-output>
          </reporter-output>
        </test-method> <!-- verifyOrderPresent -->
        <test-method is-config="true" signature="tearDown()[pri:0, instance:com.andoorathodi.MavenAugust2023.tests.StandAloneTestPageObject@b6b1987]" started-at="2023-08-29T11:28:40 PDT" name="tearDown" finished-at="2023-08-29T11:28:40 PDT" duration-ms="266" status="PASS">
          <reporter-output>
          </reporter-output>
        </test-method> <!-- tearDown -->
      </class> <!-- com.andoorathodi.MavenAugust2023.tests.StandAloneTestPageObject -->
    </test> <!-- Submit Order -->
  </suite> <!-- Suite -->
</testng-results>
